<?xml version="1.0" encoding="UTF-8"?>
<!-- Generated by org.testng.reporters.JUnitReportReporter -->
<testsuite hostname="PWVDIMPSQA-10" name="main.community.componentsDevelopment" tests="2" failures="0" timestamp="1 Aug 2019 10:37:33 GMT" time="20.246" errors="0">
  <testcase name="keywordTest" time="1.605" classname="main.community.componentsDevelopment"/>
  <testcase name="FindControls" time="18.641" classname="main.community.componentsDevelopment"/>
</testsuite> <!-- main.community.componentsDevelopment -->
